
> stationboard-backend@1.0.0 dev
> tsx watch src/index.ts

Initializing Darwin STOMP connection...
Failed to initialize Darwin STOMP: Error: Darwin Push Port credentials not configured
    at getDarwinStompConfig (/Users/al/Projects/StationBoard/backend/src/services/darwin.service.ts:88:11)
    at connectDarwinStomp (/Users/al/Projects/StationBoard/backend/src/services/darwin.stomp.ts:31:20)
    at setGlobalIO (/Users/al/Projects/StationBoard/backend/src/websocket/board.socket.ts:27:5)
    at boardSocket (/Users/al/Projects/StationBoard/backend/src/index.ts:52:1)
    at Object.<anonymous> (/Users/al/Projects/StationBoard/backend/src/index.ts:72:2)
    at Module._compile (node:internal/modules/cjs/loader:1706:14)
    at Object.transformer (/Users/al/Projects/StationBoard/backend/node_modules/tsx/dist/register-D46fvsV_.cjs:3:1104)
    at Module.load (node:internal/modules/cjs/loader:1441:32)
    at Function._load (node:internal/modules/cjs/loader:1263:12)
    at TracingChannel.traceSync (node:diagnostics_channel:322:14)
Darwin connection status: error
node:events:497
      throw er; // Unhandled 'error' event
      ^

Error: listen EADDRINUSE: address already in use :::4000
    at Server.setupListenHandle [as _listen2] (node:net:1940:16)
    at listenInCluster (node:net:1997:12)
    at Server.listen (node:net:2102:7)
    at boardSocket (/Users/al/Projects/StationBoard/backend/src/index.ts:60:12)
    at Object.<anonymous> (/Users/al/Projects/StationBoard/backend/src/index.ts:72:2)
    at Module._compile (node:internal/modules/cjs/loader:1706:14)
    at Object.transformer (/Users/al/Projects/StationBoard/backend/node_modules/tsx/dist/register-D46fvsV_.cjs:3:1104)
    at Module.load (node:internal/modules/cjs/loader:1441:32)
    at Function._load (node:internal/modules/cjs/loader:1263:12)
    at TracingChannel.traceSync (node:diagnostics_channel:322:14)
Emitted 'error' event on Server instance at:
    at emitErrorNT (node:net:1976:8)
    at process.processTicksAndRejections (node:internal/process/task_queues:90:21) {
  code: 'EADDRINUSE',
  errno: -48,
  syscall: 'listen',
  address: '::',
  port: 4000
}

Node.js v22.20.0
